5249 : 2023-05-12 18:57:49,928 : INFO : telemetry.main : Attempt start. Configuration directory [/home/vagrant/.azure].
5249 : 2023-05-12 18:57:49,928 : INFO : telemetry.check : Positive: The /home/vagrant/.azure/telemetry.txt does not exist.
5249 : 2023-05-12 18:57:49,928 : DEBUG : telemetry.note : acquiring lock
5249 : 2023-05-12 18:57:49,928 : DEBUG : telemetry.note : acquired lock
5249 : 2023-05-12 18:57:49,928 : INFO : telemetry.note : Update the note mtime to 2023-05-12 18:57:49.928802
5249 : 2023-05-12 18:57:49,928 : WARNING : telemetry.note : Fail to parse or read the timestamp 'N/A' in the note file. Set the last send time to minimal. Reason: not readable
5249 : 2023-05-12 18:57:49,929 : INFO : telemetry.records : 1 cache files to move.
5249 : 2023-05-12 18:57:49,929 : INFO : telemetry.records : Create temp folder /tmp/tmpll_g60yf
5249 : 2023-05-12 18:57:49,929 : INFO : telemetry.records : Move file /home/vagrant/.azure/telemetry/cache to /tmp/tmpll_g60yf/cache
5249 : 2023-05-12 18:57:49,931 : INFO : telemetry.records : Processed file /tmp/tmpll_g60yf/cache into 1 records.
5249 : 2023-05-12 18:57:49,932 : INFO : telemetry.records : Remove directory /tmp/tmpll_g60yf
5249 : 2023-05-12 18:57:49,932 : INFO : telemetry.client : Accumulated 1 events. Flush the clients.
5249 : 2023-05-12 18:57:49,932 : INFO : telemetry.client : Flush client c4395b75-49cc-422c-bc95-c7d51aef5d46.
5249 : 2023-05-12 18:57:50,213 : INFO : telemetry.sender : Sending 3754 bytes
5249 : 2023-05-12 18:57:50,213 : INFO : telemetry.sender : Finish uploading in 0.280794 seconds.
5249 : 2023-05-12 18:57:50,213 : INFO : telemetry.note : Update the last send in note to 2023-05-12 18:57:49
5249 : 2023-05-12 18:57:50,214 : INFO : telemetry.note : Update the note mtime to 2023-05-12 18:57:50.214111
5319 : 2023-05-12 19:11:56,538 : INFO : telemetry.main : Attempt start. Configuration directory [/home/vagrant/.azure].
5319 : 2023-05-12 19:11:56,538 : INFO : telemetry.check : Returns Positive.
5319 : 2023-05-12 19:11:56,538 : DEBUG : telemetry.note : acquiring lock
5319 : 2023-05-12 19:11:56,538 : DEBUG : telemetry.note : acquired lock
5319 : 2023-05-12 19:11:56,538 : INFO : telemetry.note : Update the note mtime to 2023-05-12 19:11:56.538966
5319 : 2023-05-12 19:11:56,540 : INFO : telemetry.note : Read timestamp from the note. The last send was 2023-05-12 18:57:49.
5319 : 2023-05-12 19:11:56,541 : INFO : telemetry.records : No cache to be uploaded.
5319 : 2023-05-12 19:11:56,541 : INFO : telemetry.client : Accumulated 0 events. Flush the clients.
5319 : 2023-05-12 19:11:56,541 : INFO : telemetry.note : Update the last send in note to 2023-05-12 18:57:49
5319 : 2023-05-12 19:11:56,541 : INFO : telemetry.note : Update the note mtime to 2023-05-12 19:11:56.541701
